#
# There is insufficient memory for the Java Runtime Environment to continue.
# Native memory allocation (malloc) failed to allocate 32784 bytes for Chunk::new
# Possible reasons:
#   The system is out of physical RAM or swap space
#   The process is running with CompressedOops enabled, and the Java Heap may be blocking the growth of the native heap
# Possible solutions:
#   Reduce memory load on the system
#   Increase physical memory or swap space
#   Check if swap backing store is full
#   Decrease Java heap size (-Xmx/-Xms)
#   Decrease number of Java threads
#   Decrease Java thread stack sizes (-Xss)
#   Set larger code cache with -XX:ReservedCodeCacheSize=
#   JVM is running with Unscaled Compressed Oops mode in which the Java heap is
#     placed in the first 4GB address space. The Java Heap base address is the
#     maximum limit for the native heap growth. Please use -XX:HeapBaseMinAddress
#     to set the Java Heap base and to place the Java Heap above 4GB virtual address.
# This output file may be truncated or incomplete.
#
#  Out of Memory Error (allocation.cpp:389), pid=22704, tid=0x00000000000021fc
#
# JRE version: Java(TM) SE Runtime Environment (8.0_241-b07) (build 1.8.0_241-b07)
# Java VM: Java HotSpot(TM) 64-Bit Server VM (25.241-b07 mixed mode windows-amd64 compressed oops)
# Failed to write core dump. Minidumps are not enabled by default on client versions of Windows
#

---------------  T H R E A D  ---------------

Current thread (0x0000000019c6a800):  JavaThread "C2 CompilerThread0" daemon [_thread_in_native, id=8700, stack(0x000000001a510000,0x000000001a610000)]

Stack: [0x000000001a510000,0x000000001a610000]
[error occurred during error reporting (printing stack bounds), id 0xc0000005]

Native frames: (J=compiled Java code, j=interpreted, Vv=VM code, C=native code)


Current CompileTask:
C2:  12583 3611       4       org.codehaus.plexus.classworlds.realm.Entry::matches (282 bytes)


---------------  P R O C E S S  ---------------

Java Threads: ( => current thread )
  0x0000000019cdd800 JavaThread "Service Thread" daemon [_thread_blocked, id=9244, stack(0x000000001a910000,0x000000001aa10000)]
  0x0000000019c80800 JavaThread "C1 CompilerThread3" daemon [_thread_blocked, id=18548, stack(0x000000001a810000,0x000000001a910000)]
  0x0000000019c7a800 JavaThread "C2 CompilerThread2" daemon [_thread_blocked, id=3904, stack(0x000000001a710000,0x000000001a810000)]
  0x0000000019c6c000 JavaThread "C2 CompilerThread1" daemon [_thread_blocked, id=10320, stack(0x000000001a610000,0x000000001a710000)]
=>0x0000000019c6a800 JavaThread "C2 CompilerThread0" daemon [_thread_in_native, id=8700, stack(0x000000001a510000,0x000000001a610000)]
  0x0000000019c67800 JavaThread "Monitor Ctrl-Break" daemon [_thread_in_native, id=23224, stack(0x000000001a410000,0x000000001a510000)]
  0x0000000019be5000 JavaThread "Attach Listener" daemon [_thread_blocked, id=10352, stack(0x000000001a310000,0x000000001a410000)]
  0x0000000019be3800 JavaThread "Signal Dispatcher" daemon [_thread_blocked, id=11216, stack(0x000000001a210000,0x000000001a310000)]
  0x0000000019bd0800 JavaThread "Finalizer" daemon [_thread_blocked, id=13660, stack(0x000000001a0b0000,0x000000001a1b0000)]
  0x0000000017dbd000 JavaThread "Reference Handler" daemon [_thread_blocked, id=216, stack(0x0000000019fb0000,0x000000001a0b0000)]
  0x000000000135e800 JavaThread "main" [_thread_in_Java, id=11000, stack(0x0000000001890000,0x0000000001990000)]

Other Threads:
  0x0000000017db9000 VMThread [stack: 0x0000000019ab0000,0x0000000019bb0000] [id=8204]
  0x0000000019d49000 WatcherThread [stack: 0x000000001aa10000,0x000000001ab10000] [id=14504]

VM state:not at safepoint (normal execution)

VM Mutex/Monitor currently owned by a thread: None

heap address: 0x0000000090e00000, size: 1778 MB, Compressed Oops mode: 32-bit
Narrow klass base: 0x0000000000000000, Narrow klass shift: 3
Compressed class space size: 1073741824 Address: 0x0000000100000000

Heap:
 PSYoungGen      total 96256K, used 13234K [0x00000000daf80000, 0x00000000e2e00000, 0x0000000100000000)
  eden space 91648K, 9% used [0x00000000daf80000,0x00000000db83b678,0x00000000e0900000)
  from space 4608K, 93% used [0x00000000e2980000,0x00000000e2db1428,0x00000000e2e00000)
  to   space 10240K, 0% used [0x00000000e1a00000,0x00000000e1a00000,0x00000000e2400000)
 ParOldGen       total 54272K, used 10124K [0x0000000090e00000, 0x0000000094300000, 0x00000000daf80000)
  object space 54272K, 18% used [0x0000000090e00000,0x00000000917e3068,0x0000000094300000)
 Metaspace       used 23385K, capacity 23916K, committed 24192K, reserved 1071104K
  class space    used 2759K, capacity 2913K, committed 2944K, reserved 1048576K

Card table byte_map: [0x0000000012ab0000,0x0000000012e30000] byte_map_base: 0x0000000012629000

Marking Bits: (ParMarkBitMap*) 0x000000005909be30
 Begin Bits: [0x0000000013890000, 0x0000000015458000)
 End Bits:   [0x0000000015458000, 0x0000000017020000)

Polling page: 0x0000000001320000

CodeCache: size=245760Kb used=10629Kb max_used=10839Kb free=235130Kb
 bounds [0x00000000036f0000, 0x0000000004190000, 0x00000000126f0000]
 total_blobs=3761 nmethods=3309 adapters=365
 compilation: enabled

Compilation events (10 events):
Event: 12.573 Thread 0x0000000019c6a800 nmethod 3608 0x0000000003c66c50 code [0x0000000003c66da0, 0x0000000003c66ed8]
Event: 12.574 Thread 0x0000000019c6a800 3611       4       org.codehaus.plexus.classworlds.realm.Entry::matches (282 bytes)
Event: 12.575 Thread 0x0000000019c80800 3612       3       sun.reflect.generics.reflectiveObjects.TypeVariableImpl::getGenericDeclaration (71 bytes)
Event: 12.575 Thread 0x0000000019c6c000 nmethod 3610 0x0000000003827d90 code [0x0000000003827ee0, 0x0000000003828018]
Event: 12.575 Thread 0x0000000019c80800 nmethod 3612 0x00000000038287d0 code [0x00000000038289e0, 0x0000000003829478]
Event: 12.575 Thread 0x0000000019c80800 3613       3       sun.reflect.misc.ReflectUtil::checkPackageAccess (19 bytes)
Event: 12.576 Thread 0x0000000019c80800 nmethod 3613 0x000000000390a250 code [0x000000000390a3e0, 0x000000000390a758]
Event: 12.576 Thread 0x0000000019c80800 3614       3       sun.reflect.misc.ReflectUtil::checkPackageAccess (77 bytes)
Event: 12.576 Thread 0x0000000019c80800 nmethod 3614 0x0000000003c73f10 code [0x0000000003c74100, 0x0000000003c74cc8]
Event: 12.578 Thread 0x0000000019c7a800 nmethod 3609 0x0000000003c6ee50 code [0x0000000003c6efc0, 0x0000000003c6f6b8]

GC Heap History (10 events):
Event: 4.688 GC heap before
{Heap before GC invocations=3 (full 0):
 PSYoungGen      total 33280K, used 33279K [0x00000000daf80000, 0x00000000df080000, 0x0000000100000000)
  eden space 28672K, 100% used [0x00000000daf80000,0x00000000dcb80000,0x00000000dcb80000)
  from space 4608K, 99% used [0x00000000dd000000,0x00000000dd47ff58,0x00000000dd480000)
  to   space 4608K, 0% used [0x00000000dcb80000,0x00000000dcb80000,0x00000000dd000000)
 ParOldGen       total 76800K, used 1263K [0x0000000090e00000, 0x0000000095900000, 0x00000000daf80000)
  object space 76800K, 1% used [0x0000000090e00000,0x0000000090f3bdb8,0x0000000095900000)
 Metaspace       used 13564K, capacity 13758K, committed 14080K, reserved 1060864K
  class space    used 1696K, capacity 1768K, committed 1792K, reserved 1048576K
Event: 4.695 GC heap after
Heap after GC invocations=3 (full 0):
 PSYoungGen      total 33280K, used 4600K [0x00000000daf80000, 0x00000000df080000, 0x0000000100000000)
  eden space 28672K, 0% used [0x00000000daf80000,0x00000000daf80000,0x00000000dcb80000)
  from space 4608K, 99% used [0x00000000dcb80000,0x00000000dcffe050,0x00000000dd000000)
  to   space 4608K, 0% used [0x00000000dec00000,0x00000000dec00000,0x00000000df080000)
 ParOldGen       total 76800K, used 3496K [0x0000000090e00000, 0x0000000095900000, 0x00000000daf80000)
  object space 76800K, 4% used [0x0000000090e00000,0x000000009116a2f0,0x0000000095900000)
 Metaspace       used 13564K, capacity 13758K, committed 14080K, reserved 1060864K
  class space    used 1696K, capacity 1768K, committed 1792K, reserved 1048576K
}
Event: 6.474 GC heap before
{Heap before GC invocations=4 (full 0):
 PSYoungGen      total 33280K, used 33272K [0x00000000daf80000, 0x00000000df080000, 0x0000000100000000)
  eden space 28672K, 100% used [0x00000000daf80000,0x00000000dcb80000,0x00000000dcb80000)
  from space 4608K, 99% used [0x00000000dcb80000,0x00000000dcffe050,0x00000000dd000000)
  to   space 4608K, 0% used [0x00000000dec00000,0x00000000dec00000,0x00000000df080000)
 ParOldGen       total 76800K, used 3496K [0x0000000090e00000, 0x0000000095900000, 0x00000000daf80000)
  object space 76800K, 4% used [0x0000000090e00000,0x000000009116a2f0,0x0000000095900000)
 Metaspace       used 17492K, capacity 17754K, committed 18048K, reserved 1064960K
  class space    used 2098K, capacity 2172K, committed 2176K, reserved 1048576K
Event: 6.483 GC heap after
Heap after GC invocations=4 (full 0):
 PSYoungGen      total 61952K, used 4584K [0x00000000daf80000, 0x00000000df080000, 0x0000000100000000)
  eden space 57344K, 0% used [0x00000000daf80000,0x00000000daf80000,0x00000000de780000)
  from space 4608K, 99% used [0x00000000dec00000,0x00000000df07a020,0x00000000df080000)
  to   space 4608K, 0% used [0x00000000de780000,0x00000000de780000,0x00000000dec00000)
 ParOldGen       total 76800K, used 6578K [0x0000000090e00000, 0x0000000095900000, 0x00000000daf80000)
  object space 76800K, 8% used [0x0000000090e00000,0x000000009146ca28,0x0000000095900000)
 Metaspace       used 17492K, capacity 17754K, committed 18048K, reserved 1064960K
  class space    used 2098K, capacity 2172K, committed 2176K, reserved 1048576K
}
Event: 7.219 GC heap before
{Heap before GC invocations=5 (full 0):
 PSYoungGen      total 61952K, used 35762K [0x00000000daf80000, 0x00000000df080000, 0x0000000100000000)
  eden space 57344K, 54% used [0x00000000daf80000,0x00000000dcdf2b98,0x00000000de780000)
  from space 4608K, 99% used [0x00000000dec00000,0x00000000df07a020,0x00000000df080000)
  to   space 4608K, 0% used [0x00000000de780000,0x00000000de780000,0x00000000dec00000)
 ParOldGen       total 76800K, used 6578K [0x0000000090e00000, 0x0000000095900000, 0x00000000daf80000)
  object space 76800K, 8% used [0x0000000090e00000,0x000000009146ca28,0x0000000095900000)
 Metaspace       used 20732K, capacity 21116K, committed 21296K, reserved 1069056K
  class space    used 2522K, capacity 2667K, committed 2688K, reserved 1048576K
Event: 7.235 GC heap after
Heap after GC invocations=5 (full 0):
 PSYoungGen      total 61952K, used 4600K [0x00000000daf80000, 0x00000000e3380000, 0x0000000100000000)
  eden space 57344K, 0% used [0x00000000daf80000,0x00000000daf80000,0x00000000de780000)
  from space 4608K, 99% used [0x00000000de780000,0x00000000debfe060,0x00000000dec00000)
  to   space 10240K, 0% used [0x00000000e2980000,0x00000000e2980000,0x00000000e3380000)
 ParOldGen       total 76800K, used 10973K [0x0000000090e00000, 0x0000000095900000, 0x00000000daf80000)
  object space 76800K, 14% used [0x0000000090e00000,0x00000000918b76b0,0x0000000095900000)
 Metaspace       used 20732K, capacity 21116K, committed 21296K, reserved 1069056K
  class space    used 2522K, capacity 2667K, committed 2688K, reserved 1048576K
}
Event: 7.235 GC heap before
{Heap before GC invocations=6 (full 1):
 PSYoungGen      total 61952K, used 4600K [0x00000000daf80000, 0x00000000e3380000, 0x0000000100000000)
  eden space 57344K, 0% used [0x00000000daf80000,0x00000000daf80000,0x00000000de780000)
  from space 4608K, 99% used [0x00000000de780000,0x00000000debfe060,0x00000000dec00000)
  to   space 10240K, 0% used [0x00000000e2980000,0x00000000e2980000,0x00000000e3380000)
 ParOldGen       total 76800K, used 10973K [0x0000000090e00000, 0x0000000095900000, 0x00000000daf80000)
  object space 76800K, 14% used [0x0000000090e00000,0x00000000918b76b0,0x0000000095900000)
 Metaspace       used 20732K, capacity 21116K, committed 21296K, reserved 1069056K
  class space    used 2522K, capacity 2667K, committed 2688K, reserved 1048576K
Event: 7.292 GC heap after
Heap after GC invocations=6 (full 1):
 PSYoungGen      total 61952K, used 0K [0x00000000daf80000, 0x00000000e3380000, 0x0000000100000000)
  eden space 57344K, 0% used [0x00000000daf80000,0x00000000daf80000,0x00000000de780000)
  from space 4608K, 0% used [0x00000000de780000,0x00000000de780000,0x00000000dec00000)
  to   space 10240K, 0% used [0x00000000e2980000,0x00000000e2980000,0x00000000e3380000)
 ParOldGen       total 54272K, used 10116K [0x0000000090e00000, 0x0000000094300000, 0x00000000daf80000)
  object space 54272K, 18% used [0x0000000090e00000,0x00000000917e1068,0x0000000094300000)
 Metaspace       used 20732K, capacity 21116K, committed 21296K, reserved 1069056K
  class space    used 2522K, capacity 2667K, committed 2688K, reserved 1048576K
}
Event: 11.283 GC heap before
{Heap before GC invocations=7 (full 1):
 PSYoungGen      total 61952K, used 57344K [0x00000000daf80000, 0x00000000e3380000, 0x0000000100000000)
  eden space 57344K, 100% used [0x00000000daf80000,0x00000000de780000,0x00000000de780000)
  from space 4608K, 0% used [0x00000000de780000,0x00000000de780000,0x00000000dec00000)
  to   space 10240K, 0% used [0x00000000e2980000,0x00000000e2980000,0x00000000e3380000)
 ParOldGen       total 54272K, used 10116K [0x0000000090e00000, 0x0000000094300000, 0x00000000daf80000)
  object space 54272K, 18% used [0x0000000090e00000,0x00000000917e1068,0x0000000094300000)
 Metaspace       used 23159K, capacity 23676K, committed 23936K, reserved 1071104K
  class space    used 2739K, capacity 2873K, committed 2944K, reserved 1048576K
Event: 11.292 GC heap after
Heap after GC invocations=7 (full 1):
 PSYoungGen      total 96256K, used 4293K [0x00000000daf80000, 0x00000000e2e00000, 0x0000000100000000)
  eden space 91648K, 0% used [0x00000000daf80000,0x00000000daf80000,0x00000000e0900000)
  from space 4608K, 93% used [0x00000000e2980000,0x00000000e2db1428,0x00000000e2e00000)
  to   space 10240K, 0% used [0x00000000e1a00000,0x00000000e1a00000,0x00000000e2400000)
 ParOldGen       total 54272K, used 10124K [0x0000000090e00000, 0x0000000094300000, 0x00000000daf80000)
  object space 54272K, 18% used [0x0000000090e00000,0x00000000917e3068,0x0000000094300000)
 Metaspace       used 23159K, capacity 23676K, committed 23936K, reserved 1071104K
  class space    used 2739K, capacity 2873K, committed 2944K, reserved 1048576K
}

Deoptimization events (10 events):
Event: 10.044 Thread 0x000000000135e800 Uncommon trap: reason=class_check action=maybe_recompile pc=0x0000000003c18a48 method=com.google.inject.internal.LinkedBindingImpl.acceptTargetVisitor(Lcom/google/inject/spi/BindingTargetVisitor;)Ljava/lang/Object; @ 2
Event: 10.078 Thread 0x000000000135e800 Uncommon trap: reason=class_check action=maybe_recompile pc=0x0000000003c18a48 method=com.google.inject.internal.LinkedBindingImpl.acceptTargetVisitor(Lcom/google/inject/spi/BindingTargetVisitor;)Ljava/lang/Object; @ 2
Event: 10.078 Thread 0x000000000135e800 Uncommon trap: reason=class_check action=maybe_recompile pc=0x0000000003c18a48 method=com.google.inject.internal.LinkedBindingImpl.acceptTargetVisitor(Lcom/google/inject/spi/BindingTargetVisitor;)Ljava/lang/Object; @ 2
Event: 10.079 Thread 0x000000000135e800 Uncommon trap: reason=predicate action=maybe_recompile pc=0x000000000389c440 method=java.util.TimSort.binarySort([Ljava/lang/Object;IIILjava/util/Comparator;)V @ 37
Event: 10.867 Thread 0x000000000135e800 Uncommon trap: reason=unstable_if action=reinterpret pc=0x000000000405677c method=org.apache.maven.model.io.xpp3.MavenXpp3Reader.nextTag(Lorg/codehaus/plexus/util/xml/pull/XmlPullParser;)I @ 9
Event: 12.561 Thread 0x000000000135e800 Uncommon trap: reason=array_check action=maybe_recompile pc=0x0000000003a3b914 method=java.util.TimSort.binarySort([Ljava/lang/Object;IIILjava/util/Comparator;)V @ 193
Event: 12.561 Thread 0x000000000135e800 Uncommon trap: reason=array_check action=maybe_recompile pc=0x0000000003a3b850 method=java.util.TimSort.binarySort([Ljava/lang/Object;IIILjava/util/Comparator;)V @ 215
Event: 12.561 Thread 0x000000000135e800 Uncommon trap: reason=array_check action=maybe_recompile pc=0x0000000003a3b914 method=java.util.TimSort.binarySort([Ljava/lang/Object;IIILjava/util/Comparator;)V @ 193
Event: 12.561 Thread 0x000000000135e800 Uncommon trap: reason=array_check action=maybe_recompile pc=0x0000000003a3b914 method=java.util.TimSort.binarySort([Ljava/lang/Object;IIILjava/util/Comparator;)V @ 193
Event: 12.579 Thread 0x000000000135e800 Uncommon trap: reason=array_check action=maybe_recompile pc=0x0000000003c6f558 method=java.util.TimSort.binarySort([Ljava/lang/Object;IIILjava/util/Comparator;)V @ 183

Classes redefined (0 events):
No events

Internal exceptions (10 events):
Event: 3.930 Thread 0x000000000135e800 Exception <a 'java/lang/ArrayIndexOutOfBoundsException': 66> (0x00000000dbac4330) thrown at [C:\ade\jenkins\workspace\8-2-build-windows-amd64-cygwin\jdk8u241\331\hotspot\src\share\vm\interpreter\interpreterRuntime.cpp, line 368]
Event: 4.674 Thread 0x000000000135e800 Exception <a 'java/lang/NoClassDefFoundError': com/google/inject/servlet/ServletModuleTargetVisitor> (0x00000000dcadf8b0) thrown at [C:\ade\jenkins\workspace\8-2-build-windows-amd64-cygwin\jdk8u241\331\hotspot\src\share\vm\classfile\systemDictionary.cpp, 
Event: 4.674 Thread 0x000000000135e800 Exception <a 'java/lang/NoClassDefFoundError'> (0x00000000dcadf8b0) thrown at [C:\ade\jenkins\workspace\8-2-build-windows-amd64-cygwin\jdk8u241\331\hotspot\src\share\vm\prims\jvm.cpp, line 1506]
Event: 4.674 Thread 0x000000000135e800 Exception <a 'java/lang/NoClassDefFoundError': javax/annotation/Priority> (0x00000000dcae4678) thrown at [C:\ade\jenkins\workspace\8-2-build-windows-amd64-cygwin\jdk8u241\331\hotspot\src\share\vm\classfile\systemDictionary.cpp, line 199]
Event: 4.801 Thread 0x000000000135e800 Implicit null exception at 0x00000000038fd85b to 0x00000000038fda05
Event: 5.612 Thread 0x000000000135e800 Implicit null exception at 0x0000000003d2d3e8 to 0x0000000003d2e5e5
Event: 5.921 Thread 0x000000000135e800 Implicit null exception at 0x0000000003abcb55 to 0x0000000003abcd25
Event: 5.921 Thread 0x000000000135e800 Implicit null exception at 0x0000000003a670db to 0x0000000003a67535
Event: 6.561 Thread 0x000000000135e800 Exception <a 'java/lang/NoSuchFieldError': method resolution failed> (0x00000000db240e68) thrown at [C:\ade\jenkins\workspace\8-2-build-windows-amd64-cygwin\jdk8u241\331\hotspot\src\share\vm\prims\methodHandles.cpp, line 1167]
Event: 6.562 Thread 0x000000000135e800 Exception <a 'java/lang/NoSuchFieldError': method resolution failed> (0x00000000db24f938) thrown at [C:\ade\jenkins\workspace\8-2-build-windows-amd64-cygwin\jdk8u241\331\hotspot\src\share\vm\prims\methodHandles.cpp, line 1167]

Events (10 events):
Event: 12.580 Executing VM operation: Deoptimize
Event: 12.580 Executing VM operation: Deoptimize done
Event: 12.580 loading class org/codehaus/plexus/util/cli/CommandLineException
Event: 12.580 loading class org/codehaus/plexus/util/cli/CommandLineException done
Event: 12.580 loading class org/codehaus/plexus/util/cli/CommandLineException
Event: 12.580 loading class org/codehaus/plexus/util/cli/CommandLineException done
Event: 12.581 loading class org/codehaus/plexus/util/cli/StreamConsumer
Event: 12.581 loading class org/codehaus/plexus/util/cli/StreamConsumer done
Event: 12.581 loading class org/codehaus/plexus/util/cli/StreamConsumer
Event: 12.581 loading class org/codehaus/plexus/util/cli/StreamConsumer done


Dynamic libraries:
0x00007ff7c7720000 - 0x00007ff7c7757000 	C:\Program Files\Java\jdk1.8.0_241\bin\java.exe
0x00007ffce2bc0000 - 0x00007ffce2db0000 	C:\WINDOWS\SYSTEM32\ntdll.dll
0x00007ffce11f0000 - 0x00007ffce12a2000 	C:\WINDOWS\System32\KERNEL32.DLL
0x00007ffce0720000 - 0x00007ffce09c5000 	C:\WINDOWS\System32\KERNELBASE.dll
0x00007ffce2830000 - 0x00007ffce28d3000 	C:\WINDOWS\System32\ADVAPI32.dll
0x00007ffce1390000 - 0x00007ffce142e000 	C:\WINDOWS\System32\msvcrt.dll
0x00007ffce12c0000 - 0x00007ffce1357000 	C:\WINDOWS\System32\sechost.dll
0x00007ffce1bf0000 - 0x00007ffce1d10000 	C:\WINDOWS\System32\RPCRT4.dll
0x00007ffce14e0000 - 0x00007ffce1675000 	C:\WINDOWS\System32\USER32.dll
0x00007ffcdfba0000 - 0x00007ffcdfbc1000 	C:\WINDOWS\System32\win32u.dll
0x00007ffce1360000 - 0x00007ffce1386000 	C:\WINDOWS\System32\GDI32.dll
0x00007ffcdfcb0000 - 0x00007ffcdfe46000 	C:\WINDOWS\System32\gdi32full.dll
0x00007ffce0a70000 - 0x00007ffce0b0e000 	C:\WINDOWS\System32\msvcp_win.dll
0x00007ffce0b70000 - 0x00007ffce0c6a000 	C:\WINDOWS\System32\ucrtbase.dll
0x00007ffcc8b40000 - 0x00007ffcc8dc4000 	C:\WINDOWS\WinSxS\amd64_microsoft.windows.common-controls_6595b64144ccf1df_6.0.18362.1082_none_9e8193e1e45b25c1\COMCTL32.dll
0x00007ffce0c70000 - 0x00007ffce0fa5000 	C:\WINDOWS\System32\combase.dll
0x00007ffce09f0000 - 0x00007ffce0a70000 	C:\WINDOWS\System32\bcryptPrimitives.dll
0x00007ffce2680000 - 0x00007ffce26ae000 	C:\WINDOWS\System32\IMM32.DLL
0x0000000059120000 - 0x00000000591f2000 	C:\Program Files\Java\jdk1.8.0_241\jre\bin\msvcr100.dll
0x0000000058870000 - 0x000000005911c000 	C:\Program Files\Java\jdk1.8.0_241\jre\bin\server\jvm.dll
0x00007ffce12b0000 - 0x00007ffce12b8000 	C:\WINDOWS\System32\PSAPI.DLL
0x00007ffcd60a0000 - 0x00007ffcd60aa000 	C:\WINDOWS\SYSTEM32\VERSION.dll
0x00007ffcbf400000 - 0x00007ffcbf409000 	C:\WINDOWS\SYSTEM32\WSOCK32.dll
0x00007ffcdd600000 - 0x00007ffcdd624000 	C:\WINDOWS\SYSTEM32\WINMM.dll
0x00007ffce1b80000 - 0x00007ffce1bef000 	C:\WINDOWS\System32\WS2_32.dll
0x00007ffcdd5d0000 - 0x00007ffcdd5fd000 	C:\WINDOWS\SYSTEM32\winmmbase.dll
0x00007ffcdfb50000 - 0x00007ffcdfb9a000 	C:\WINDOWS\System32\cfgmgr32.dll
0x00007ffcdd6e0000 - 0x00007ffcdd6ef000 	C:\Program Files\Java\jdk1.8.0_241\jre\bin\verify.dll
0x00007ffcdc060000 - 0x00007ffcdc089000 	C:\Program Files\Java\jdk1.8.0_241\jre\bin\java.dll
0x00007ffcd92f0000 - 0x00007ffcd9313000 	C:\Program Files\Java\jdk1.8.0_241\jre\bin\instrument.dll
0x00007ffcd9c10000 - 0x00007ffcd9c26000 	C:\Program Files\Java\jdk1.8.0_241\jre\bin\zip.dll
0x00007ffce1dd0000 - 0x00007ffce24b7000 	C:\WINDOWS\System32\SHELL32.dll
0x00007ffce26b0000 - 0x00007ffce2759000 	C:\WINDOWS\System32\shcore.dll
0x00007ffcdfe50000 - 0x00007ffce05d0000 	C:\WINDOWS\System32\windows.storage.dll
0x00007ffcdfb00000 - 0x00007ffcdfb23000 	C:\WINDOWS\System32\profapi.dll
0x00007ffcdfab0000 - 0x00007ffcdfafa000 	C:\WINDOWS\System32\powrprof.dll
0x00007ffcdfa80000 - 0x00007ffcdfa90000 	C:\WINDOWS\System32\UMPDC.dll
0x00007ffce1d70000 - 0x00007ffce1dc2000 	C:\WINDOWS\System32\shlwapi.dll
0x00007ffcdfa90000 - 0x00007ffcdfaa1000 	C:\WINDOWS\System32\kernel.appcore.dll
0x00007ffce09d0000 - 0x00007ffce09e7000 	C:\WINDOWS\System32\cryptsp.dll
0x00007ffcd9570000 - 0x00007ffcd958a000 	D:\IntelliJ IDEA Community Edition 2020.1.2\bin\breakgen64.dll
0x00007ffcd70c0000 - 0x00007ffcd70da000 	C:\Program Files\Java\jdk1.8.0_241\jre\bin\net.dll
0x00007ffcdf270000 - 0x00007ffcdf2d7000 	C:\WINDOWS\system32\mswsock.dll
0x00007ffcdede0000 - 0x00007ffcdee13000 	C:\WINDOWS\system32\rsaenh.dll
0x00007ffcdfbd0000 - 0x00007ffcdfbf6000 	C:\WINDOWS\System32\bcrypt.dll
0x00007ffcdf9a0000 - 0x00007ffcdf9c5000 	C:\WINDOWS\SYSTEM32\USERENV.dll
0x00007ffcdf440000 - 0x00007ffcdf44c000 	C:\WINDOWS\SYSTEM32\CRYPTBASE.dll
0x00007ffcdef80000 - 0x00007ffcdefba000 	C:\WINDOWS\SYSTEM32\IPHLPAPI.DLL
0x00007ffce0fb0000 - 0x00007ffce0fb8000 	C:\WINDOWS\System32\NSI.dll
0x00007ffcd63b0000 - 0x00007ffcd63c6000 	C:\WINDOWS\SYSTEM32\dhcpcsvc6.DLL
0x00007ffcd6390000 - 0x00007ffcd63ac000 	C:\WINDOWS\SYSTEM32\dhcpcsvc.DLL
0x00007ffcdefc0000 - 0x00007ffcdf08b000 	C:\WINDOWS\SYSTEM32\DNSAPI.dll
0x00007ffcd6e90000 - 0x00007ffcd6ea2000 	C:\Program Files\Java\jdk1.8.0_241\jre\bin\nio.dll
0x00007ffcda540000 - 0x00007ffcda54a000 	C:\Users\Rico_Tea\AppData\Local\Temp\jansi-1.17.1-5127709604400662992.dll
0x00007ffcd9be0000 - 0x00007ffcd9bea000 	C:\Users\Rico_Tea\AppData\Local\Temp\jansi-1.17.1-8731572604201822455.dll
0x00007ffcd6c90000 - 0x00007ffcd6cb4000 	C:\Program Files\Java\jdk1.8.0_241\jre\bin\sunec.dll
0x00007ffcd4620000 - 0x00007ffcd462a000 	C:\Windows\System32\rasadhlp.dll
0x00007ffcd4c40000 - 0x00007ffcd4cb7000 	C:\WINDOWS\System32\fwpuclnt.dll
0x00007ffcd9260000 - 0x00007ffcd926b000 	C:\Program Files\Java\jdk1.8.0_241\jre\bin\sunmscapi.dll
0x00007ffce05d0000 - 0x00007ffce0719000 	C:\WINDOWS\System32\CRYPT32.dll
0x00007ffcdfb30000 - 0x00007ffcdfb42000 	C:\WINDOWS\System32\MSASN1.dll

VM Arguments:
jvm_args: -Dmaven.multiModuleProjectDirectory=D:\作业\ChatSys -Dmaven.home=D:\IntelliJ IDEA Community Edition 2020.1.2\plugins\maven\lib\maven3 -Dclassworlds.conf=D:\IntelliJ IDEA Community Edition 2020.1.2\plugins\maven\lib\maven3\bin\m2.conf -Dmaven.ext.class.path=D:\IntelliJ IDEA Community Edition 2020.1.2\plugins\maven\lib\maven-event-listener.jar -javaagent:D:\IntelliJ IDEA Community Edition 2020.1.2\lib\idea_rt.jar=49525:D:\IntelliJ IDEA Community Edition 2020.1.2\bin -Dfile.encoding=UTF-8 
java_command: org.codehaus.classworlds.Launcher -Didea.version2020.1.2 package
java_class_path (initial): D:\IntelliJ IDEA Community Edition 2020.1.2\plugins\maven\lib\maven3\boot\plexus-classworlds-2.6.0.jar;D:\IntelliJ IDEA Community Edition 2020.1.2\plugins\maven\lib\maven3\boot\plexus-classworlds.license;D:\IntelliJ IDEA Community Edition 2020.1.2\lib\idea_rt.jar
Launcher Type: SUN_STANDARD

Environment Variables:
JAVA_HOME=C:\Program Files\Java\jdk1.8.0_241
PATH=C:\Program Files (x86)\Common Files\Oracle\Java\javapath;C:\Program Files\Java\jdk1.8.0_241\bin;D:\apache-maven-3.6.3\bin;D:\apache-maven-3.6.3\bin;C:\WINDOWS\system32;C:\WINDOWS;C:\WINDOWS\System32\Wbem;C:\WINDOWS\System32\WindowsPowerShell\v1.0\;C:\WINDOWS\System32\OpenSSH\;C:\Program Files\Intel\WiFi\bin\;C:\Program Files\Common Files\Intel\WirelessCommon\;C:\Program Files\dotnet\;C:\Program Files\Microsoft SQL Server\130\Tools\Binn\;C:\Program Files\Microsoft SQL Server\Client SDK\ODBC\170\Tools\Binn\;C:\Program Files\Microsoft SQL Server\Client SDK\ODBC\130\Tools\Binn\;C:\Program Files (x86)\Microsoft SQL Server\140\Tools\Binn\;C:\Program Files\Microsoft SQL Server\140\Tools\Binn\;C:\Program Files\Microsoft SQL Server\140\DTS\Binn\;C:\Program Files (x86)\Microsoft SQL Server\150\DTS\Binn\;D:\mingw64\bin;D:\MATLAB2018A\runtime\win64;D:\MATLAB2018A\bin;C:\Users\Rico_Tea\Anaconda3;C:\Users\Rico_Tea\Anaconda3\Library\mingw-w64\bin;C:\Users\Rico_Tea\Anaconda3\Library\usr\bin;C:\Users\Rico_Tea\Anaconda3\Library\bin;C:\Users\Rico_Tea\Anaconda3\Scripts;C:\Users\Rico_Tea\AppData\Local\Microsoft\WindowsApps;D:\PyCharm Community Edition 2019.2.3\bin;;D:\Microsoft VS Code\bin;D:\Bandizip\;D:\IntelliJ IDEA Community Edition 2020.1.2\bin;;C:\Users\Rico_Tea\.dotnet\tools
USERNAME=Rico_Tea
OS=Windows_NT
PROCESSOR_IDENTIFIER=AMD64 Family 23 Model 24 Stepping 1, AuthenticAMD



---------------  S Y S T E M  ---------------

OS: Windows 10.0 , 64 bit Build 18362 (10.0.18362.1082)

CPU:total 8 (initial active 8) (8 cores per cpu, 1 threads per core) family 23 model 24 stepping 1, cmov, cx8, fxsr, mmx, sse, sse2, sse3, ssse3, sse4.1, sse4.2, popcnt, avx, avx2, aes, clmul, mmxext, 3dnowpref, lzcnt, sse4a, tsc, tscinvbit, tscinv, bmi1

Memory: 4k page, physical 7277196k(769220k free), swap 17762952k(92k free)

vm_info: Java HotSpot(TM) 64-Bit Server VM (25.241-b07) for windows-amd64 JRE (1.8.0_241-b07), built on Dec 11 2019 10:21:40 by "rejava" with MS VC++ 10.0 (VS2010)

time: Tue Nov 10 19:38:57 2020
timezone: 中国标准时间
elapsed time: 12 seconds (0d 0h 0m 12s)

